numjets 60
numjets 26
numjets 27
numjets 34
numjets 11
numjets 14
numjets 26
numjets 8
numjets 19
numjets 0
numjets 18
numjets 20
numjets 19
numjets 38
numjets 10
numjets 54
numjets 26
numjets 4
numjets 29
numjets 21
numjets 49
numjets 40
numjets 41
numjets 31
numjets 26
numjets 58
numjets 32
numjets 66
numjets 66
numjets 52
numjets 29
numjets 51
numjets 59
numjets 31
numjets 21
numjets 8
numjets 39
numjets 34
numjets 23
numjets 0
numjets 0
numjets 26
numjets 16
numjets 43
numjets 44
numjets 29
numjets 24
numjets 53
numjets 41
numjets 49
numjets 48
numjets 11
numjets 50
numjets 26
numjets 35
numjets 14
numjets 28
numjets 11
numjets 34
numjets 28
numjets 20
numjets 58
numjets 26
numjets 48
numjets 38
numjets 38
numjets 69
numjets 18
numjets 30
numjets 42
numjets 2
numjets 51
numjets 87
numjets 17
numjets 46
numjets 64
numjets 32
numjets 27
numjets 34
numjets 1
numjets 55
numjets 25
numjets 24
numjets 0
numjets 1
numjets 44
numjets 39
numjets 56
numjets 38
numjets 50
numjets 9
numjets 41
numjets 44
numjets 12
numjets 34
numjets 33
numjets 69
numjets 49
numjets 39
numjets 40
numjets 15
numjets 3
numjets 7
numjets 27
numjets 45
numjets 16
numjets 73
numjets 35
numjets 62
numjets 18
numjets 12
numjets 38
numjets 24
numjets 40
numjets 44
numjets 31
numjets 4
numjets 63
numjets 28
numjets 43
numjets 47
numjets 34
numjets 24
numjets 8
numjets 20
numjets 20
numjets 48
numjets 38
numjets 11
numjets 68
numjets 51
numjets 41
numjets 71
numjets 43
numjets 53
numjets 11
numjets 36
numjets 25
numjets 66
numjets 43
numjets 69
numjets 34
numjets 41
numjets 50
numjets 28
numjets 26
numjets 0
numjets 67
numjets 8
numjets 28
numjets 59
numjets 55
numjets 47
numjets 41
numjets 42
numjets 57
numjets 25
numjets 27
numjets 31
numjets 20
numjets 28
numjets 53
numjets 28
numjets 13
numjets 25
numjets 37
numjets 54
numjets 17
numjets 33
numjets 56
numjets 61
numjets 44
numjets 51
numjets 39
numjets 57
numjets 43
numjets 36
numjets 52
numjets 0
numjets 27
numjets 45
numjets 23
numjets 49
numjets 31
numjets 57
numjets 55
numjets 23
numjets 46
numjets 2
numjets 46
numjets 48
numjets 42
numjets 63
numjets 22
numjets 51
numjets 45
numjets 67
numjets 38
numjets 24
numjets 0
numjets 37
numjets 24
numjets 24
numjets 28
numjets 31
numjets 49
numjets 11
numjets 25
numjets 9
numjets 14
numjets 77
numjets 49
numjets 24
numjets 24
numjets 63
numjets 48
numjets 38
numjets 33
numjets 25
numjets 32
numjets 18
numjets 11
numjets 20
numjets 0
numjets 15
numjets 54
numjets 10
numjets 65
numjets 41
numjets 51
numjets 59
numjets 59
numjets 50
numjets 43
numjets 3
numjets 10
numjets 31
numjets 41
numjets 35
numjets 50
numjets 48
numjets 57
numjets 11
numjets 0
numjets 10
numjets 48
numjets 9
numjets 20
numjets 49
numjets 37
numjets 23
numjets 28
numjets 26
numjets 16
numjets 36
numjets 48
numjets 50
numjets 52
numjets 43
numjets 22
numjets 47
numjets 19
numjets 10
numjets 63
numjets 57
numjets 30
numjets 39
numjets 41
numjets 37
numjets 57
numjets 24
numjets 35
numjets 22
numjets 19
numjets 68
numjets 15
numjets 47
numjets 21
numjets 33
numjets 35
numjets 58
numjets 46
numjets 19
numjets 67
numjets 26
numjets 16
numjets 22
numjets 46
numjets 38
numjets 28
numjets 15
numjets 66
numjets 23
numjets 54
numjets 56
numjets 33
numjets 39
numjets 42
numjets 0
numjets 50
numjets 6
numjets 40
numjets 0
numjets 23
numjets 39
numjets 15
numjets 48
numjets 17
numjets 17
numjets 23
numjets 12
numjets 33
numjets 37
numjets 37
numjets 40
numjets 4
numjets 40
numjets 8
numjets 47
numjets 27
numjets 35
numjets 31
numjets 45
numjets 22
numjets 37
numjets 64
numjets 34
numjets 15
numjets 55
numjets 43
numjets 47
numjets 44
numjets 22
numjets 0
numjets 19
numjets 48
numjets 46
numjets 68
numjets 11
numjets 28
numjets 30
numjets 40
numjets 45
numjets 57
numjets 38
numjets 24
numjets 53
numjets 30
numjets 38
numjets 42
numjets 39
numjets 16
numjets 40
numjets 45
numjets 48
numjets 49
numjets 48
numjets 22
numjets 39
numjets 34
numjets 52
numjets 47
numjets 36
numjets 46
numjets 52
numjets 30
numjets 16
numjets 9
numjets 46
numjets 34
numjets 73
numjets 33
numjets 11
numjets 22
numjets 32
numjets 0
numjets 37
numjets 65
numjets 32
numjets 44
numjets 47
numjets 64
numjets 24
numjets 18
numjets 63
numjets 35
numjets 70
numjets 16
numjets 21
numjets 27
numjets 43
numjets 9
numjets 40
numjets 53
numjets 12
numjets 22
numjets 69
numjets 15
numjets 38
numjets 38
numjets 32
numjets 45
numjets 49
numjets 9
numjets 43
numjets 29
numjets 39
numjets 18
numjets 12
numjets 27
numjets 33
numjets 2
numjets 81
numjets 40
numjets 67
numjets 47
numjets 35
numjets 30
numjets 49
numjets 16
numjets 53
numjets 22
numjets 33
numjets 48
numjets 69
numjets 60
numjets 45
numjets 50
numjets 23
numjets 35
numjets 53
numjets 60
numjets 52
numjets 26
numjets 39
numjets 25
numjets 67
numjets 22
numjets 28
numjets 18
numjets 30
numjets 43
numjets 24
numjets 15
numjets 27
numjets 27
numjets 41
numjets 32
numjets 33
numjets 0
numjets 40
numjets 50
numjets 13
numjets 44
numjets 49
numjets 28
numjets 46
numjets 35
numjets 23
numjets 26
numjets 28
numjets 16
numjets 18
numjets 10
numjets 39
numjets 18
numjets 36
numjets 0
numjets 30
numjets 32
numjets 49
numjets 66
numjets 50
numjets 25
numjets 5
numjets 19
numjets 22
numjets 43
numjets 13
numjets 40
numjets 48
numjets 45
numjets 38
numjets 18
numjets 39
numjets 63
numjets 31
numjets 26
numjets 47
numjets 33
numjets 52
numjets 69
numjets 20
numjets 51
numjets 31
numjets 27
numjets 12
numjets 32
numjets 24
numjets 24
numjets 20
numjets 65
numjets 38
numjets 35
numjets 25
numjets 63
numjets 24
numjets 51
numjets 28
numjets 42
numjets 10
numjets 59
numjets 67
numjets 22
numjets 21
numjets 6
numjets 37
numjets 33
numjets 78
numjets 35
numjets 41
numjets 24
numjets 30
numjets 0
numjets 34
numjets 8
numjets 38
numjets 34
numjets 20
numjets 39
numjets 18
numjets 5
numjets 6
numjets 34
numjets 39
numjets 55
numjets 4
numjets 38
numjets 38
numjets 43
numjets 36
numjets 0
numjets 53
numjets 0
numjets 5
numjets 45
numjets 53
numjets 40
numjets 25
numjets 0
numjets 56
numjets 32
numjets 9
numjets 24
numjets 56
numjets 30
numjets 39
numjets 22
numjets 56
numjets 37
numjets 25
numjets 14
numjets 36
numjets 37
numjets 46
numjets 46
numjets 41
numjets 56
numjets 57
numjets 30
numjets 51
numjets 28
numjets 16
numjets 46
numjets 42
numjets 21
numjets 27
numjets 49
numjets 57
numjets 53
numjets 25
numjets 36
numjets 32
numjets 28
numjets 48
numjets 46
numjets 18
numjets 10
numjets 39
numjets 47
numjets 13
numjets 45
numjets 41
numjets 0
numjets 33
numjets 77
numjets 26
numjets 19
numjets 38
numjets 28
numjets 21
numjets 34
numjets 43
numjets 24
numjets 16
numjets 40
numjets 59
numjets 43
numjets 64
numjets 47
numjets 43
numjets 25
numjets 32
numjets 44
numjets 58
numjets 55
numjets 45
numjets 30
numjets 31
numjets 11
numjets 27
numjets 67
numjets 5
numjets 35
numjets 32
numjets 22
numjets 32
numjets 20
numjets 51
numjets 45
numjets 35
numjets 18
numjets 41
numjets 42
numjets 42
numjets 47
numjets 57
numjets 46
numjets 28
numjets 34
